<?xml version="1.0" encoding="UTF-8"?>
<!-- Generated by org.testng.reporters.JUnitXMLReporter -->
<testsuite ignored="16" hostname="LAPTOP-9O068DHJ" failures="0" tests="1" name="Default test" time="12.037" errors="0" timestamp="2023-06-15T11:07:43 EDT">
  <testcase classname="com.salesforceseleniumtest.SalesForceAutomationTestScript1" name="createdContactInTheContactPage" time="8.602"/>
  <testcase classname="com.salesforceseleniumtest.SalesForceAutomationTestScript1" name="verifyTabCustomization" time="0.0">
    <ignored/>
  </testcase> <!-- verifyTabCustomization -->
  <testcase classname="com.salesforceseleniumtest.SalesForceAutomationTestScript1" name="createNewContact" time="0.0">
    <ignored/>
  </testcase> <!-- createNewContact -->
  <testcase classname="com.salesforceseleniumtest.SalesForceAutomationTestScript1" name="todaysLeadsWork" time="0.0">
    <ignored/>
  </testcase> <!-- todaysLeadsWork -->
  <testcase classname="com.salesforceseleniumtest.SalesForceAutomationTestScript1" name="cancelButtonWorks" time="0.0">
    <ignored/>
  </testcase> <!-- cancelButtonWorks -->
  <testcase classname="com.salesforceseleniumtest.SalesForceAutomationTestScript1" name="newViewContactPage" time="0.0">
    <ignored/>
  </testcase> <!-- newViewContactPage -->
  <testcase classname="com.salesforceseleniumtest.SalesForceAutomationTestScript1" name="leadsTab" time="0.0">
    <ignored/>
  </testcase> <!-- leadsTab -->
  <testcase classname="com.salesforceseleniumtest.SalesForceAutomationTestScript1" name="defaultView" time="0.0">
    <ignored/>
  </testcase> <!-- defaultView -->
  <testcase classname="com.salesforceseleniumtest.SalesForceAutomationTestScript1" name="verifyEditedLastName" time="0.0">
    <ignored/>
  </testcase> <!-- verifyEditedLastName -->
  <testcase classname="com.salesforceseleniumtest.SalesForceAutomationTestScript1" name="checkErrormessage" time="0.0">
    <ignored/>
  </testcase> <!-- checkErrormessage -->
  <testcase classname="com.salesforceseleniumtest.SalesForceAutomationTestScript1" name="name" time="0.0">
    <ignored/>
  </testcase> <!-- name -->
  <testcase classname="com.salesforceseleniumtest.SalesForceAutomationTestScript1" name="verifyFirstNmeLastNme" time="0.0">
    <ignored/>
  </testcase> <!-- verifyFirstNmeLastNme -->
  <testcase classname="com.salesforceseleniumtest.SalesForceAutomationTestScript1" name="checkMyContacts" time="0.0">
    <ignored/>
  </testcase> <!-- checkMyContacts -->
  <testcase classname="com.salesforceseleniumtest.SalesForceAutomationTestScript1" name="leadsSelectView" time="0.0">
    <ignored/>
  </testcase> <!-- leadsSelectView -->
  <testcase classname="com.salesforceseleniumtest.SalesForceAutomationTestScript1" name="blockingEventInCalender" time="0.0">
    <ignored/>
  </testcase> <!-- blockingEventInCalender -->
  <testcase classname="com.salesforceseleniumtest.SalesForceAutomationTestScript1" name="checkTheSaveAndNewButtonWorks" time="0.0">
    <ignored/>
  </testcase> <!-- checkTheSaveAndNewButtonWorks -->
  <testcase classname="com.salesforceseleniumtest.SalesForceAutomationTestScript1" name="newButton" time="0.0">
    <ignored/>
  </testcase> <!-- newButton -->
</testsuite> <!-- Default test -->
