<?xml version="1.0" encoding="UTF-8"?>
<!-- Generated by org.testng.reporters.JUnitXMLReporter -->
<testsuite ignored="8" hostname="LAPTOP-9O068DHJ" failures="0" tests="1" name="chromeTest" time="28.023" errors="0" timestamp="2023-06-07T07:43:13 EDT">
  <testcase classname="com.salesforceseleniumtest.SalesForceAutomationTestScript" name="createAnAccount" time="23.623"/>
  <testcase classname="com.salesforceseleniumtest.SalesForceAutomationTestScript" name="developerConsole" time="0.0">
    <ignored/>
  </testcase> <!-- developerConsole -->
  <testcase classname="com.salesforceseleniumtest.SalesForceAutomationTestScript" name="mySettingFromUserMenudrpdwn" time="0.0">
    <ignored/>
  </testcase> <!-- mySettingFromUserMenudrpdwn -->
  <testcase classname="com.salesforceseleniumtest.SalesForceAutomationTestScript" name="logoutOptionFromUserMenu" time="0.0">
    <ignored/>
  </testcase> <!-- logoutOptionFromUserMenu -->
  <testcase classname="com.salesforceseleniumtest.SalesForceAutomationTestScript" name="myProfileFromUserMenudrpdwn" time="0.0">
    <ignored/>
  </testcase> <!-- myProfileFromUserMenudrpdwn -->
  <testcase classname="com.salesforceseleniumtest.SalesForceAutomationTestScript" name="userMenuDropDown" time="0.0">
    <ignored/>
  </testcase> <!-- userMenuDropDown -->
  <testcase classname="com.salesforceseleniumtest.SalesForceAutomationTestScript" name="createNewView" time="0.0">
    <ignored/>
  </testcase> <!-- createNewView -->
  <testcase classname="com.salesforceseleniumtest.SalesForceAutomationTestScript" name="forgetYourPassword" time="0.0">
    <ignored/>
  </testcase> <!-- forgetYourPassword -->
  <testcase classname="com.salesforceseleniumtest.SalesForceAutomationTestScript" name="loginToSalesForceTestScript" time="0.0">
    <ignored/>
  </testcase> <!-- loginToSalesForceTestScript -->
</testsuite> <!-- chromeTest -->
